<?xml version="1.0" encoding="UTF-8"?>
<!-- Generated by org.testng.reporters.JUnitXMLReporter -->
<testsuite hostname="Chandu" name="Regression" tests="4" failures="2" timestamp="2 Sep 2021 09:08:06 GMT" time="82.0" errors="0">
  <testcase name="@AfterTest tearDown" time="0.0" classname="com.tabeo.automation.Tests.LoginTestWithGmailOath">
    <failure type="org.openqa.selenium.NoSuchSessionException" message="Session ID is null. Using WebDriver after calling quit()?
Build info: version: &amp;apos;3.141.59&amp;apos;, revision: &amp;apos;e82be7d358&amp;apos;, time: &amp;apos;2018-11-14T08:17:03&amp;apos;
System info: host: &amp;apos;CHANDU&amp;apos;, ip: &amp;apos;192.168.1.7&amp;apos;, os.name: &amp;apos;Windows 10&amp;apos;, os.arch: &amp;apos;amd64&amp;apos;, os.version: &amp;apos;10.0&amp;apos;, java.version: &amp;apos;1.8.0_102&amp;apos;
Driver info: driver.version: RemoteWebDriver">
      <![CDATA[org.openqa.selenium.NoSuchSessionException: Session ID is null. Using WebDriver after calling quit()?
Build info: version: '3.141.59', revision: 'e82be7d358', time: '2018-11-14T08:17:03'
System info: host: 'CHANDU', ip: '192.168.1.7', os.name: 'Windows 10', os.arch: 'amd64', os.version: '10.0', java.version: '1.8.0_102'
Driver info: driver.version: RemoteWebDriver
	at org.openqa.selenium.remote.HttpCommandExecutor.execute(HttpCommandExecutor.java:125)
	at org.openqa.selenium.remote.service.DriverCommandExecutor.execute(DriverCommandExecutor.java:83)
	at org.openqa.selenium.remote.RemoteWebDriver.execute(RemoteWebDriver.java:552)
	at org.openqa.selenium.remote.RemoteWebDriver.execute(RemoteWebDriver.java:609)
	at org.openqa.selenium.remote.RemoteWebDriver$RemoteWebDriverOptions.deleteAllCookies(RemoteWebDriver.java:694)
	at com.tabeo.automation.framework.core.Browser.tearDownTest(Browser.java:92)
	at com.tabeo.automation.Tests.LoginTestWithGmailOath.tearDown(LoginTestWithGmailOath.java:36)
... Removed 23 stack frames]]>
    </failure>
  </testcase> <!-- @AfterTest tearDown -->
  <testcase name="loginTestWithEmailAddress" time="6.56" classname="com.tabeo.automation.Tests.loginTestWithEmail">
    <failure type="java.lang.NullPointerException" message="null value in entry: url=null">
      <![CDATA[java.lang.NullPointerException: null value in entry: url=null
	at com.google.common.collect.CollectPreconditions.checkEntryNotNull(CollectPreconditions.java:32)
	at com.google.common.collect.SingletonImmutableBiMap.<init>(SingletonImmutableBiMap.java:42)
	at com.google.common.collect.ImmutableBiMap.of(ImmutableBiMap.java:72)
	at com.google.common.collect.ImmutableMap.of(ImmutableMap.java:124)
	at org.openqa.selenium.remote.RemoteWebDriver.get(RemoteWebDriver.java:277)
	at com.tabeo.automation.Tests.loginTestWithEmail.loginTestWithEmailAddress(loginTestWithEmail.java:58)
... Removed 25 stack frames]]>
    </failure>
  </testcase> <!-- loginTestWithEmailAddress -->
  <testcase name="LoginTestWithGmailAuthentication" time="18.266" classname="com.tabeo.automation.Tests.LoginTestWithGmailOath"/>
  <testcase name="successfulPaymentTestcase" time="15.197" classname="com.tabeo.automation.Tests.CreateSuccessfulPaymentTest"/>
  <testcase name="paymentDeclinedTestCase" time="6.476" classname="com.tabeo.automation.Tests.UnsuccessfulPaymentCardDeclinedTest">
    <failure type="java.lang.AssertionError" message="null">
      <![CDATA[java.lang.AssertionError: null
	at com.tabeo.automation.Tests.UnsuccessfulPaymentCardDeclinedTest.paymentDeclinedTestCase(UnsuccessfulPaymentCardDeclinedTest.java:54)
... Removed 27 stack frames]]>
    </failure>
  </testcase> <!-- paymentDeclinedTestCase -->
</testsuite> <!-- Regression -->
